Using pre-set license
Built from '6000.0/staging' branch; Version is '6000.0.27f1 (27c554a2199c) revision 2606420'; Using compiler version '193933523'; Build Type 'Release'
OS: 'Windows 11  (10.0.22000) 64bit CoreSingleLanguage' Language: 'es' Physical Memory: 16252 MB
BatchMode: 1, IsHumanControllingUs: 0, StartBugReporterOnCrash: 0, Is64bit: 1, IsPro: 1

COMMAND LINE ARGUMENTS:
C:\Program Files\Unity\Hub\Editor\6000.0.27f1\Editor\Unity.exe
-adb2
-batchMode
-noUpm
-name
AssetImportWorker0
-projectPath
C:/Users/dauri/-PV-Zorros-Ingeniosos/Yo_Ho_Run
-logFile
Logs/AssetImportWorker0.log
-srvPort
50552
-job-worker-count
1
-background-job-worker-count
8
-asset-garbage-collectors
1
Successfully changed project path to: C:/Users/dauri/-PV-Zorros-Ingeniosos/Yo_Ho_Run
C:/Users/dauri/-PV-Zorros-Ingeniosos/Yo_Ho_Run
[UnityMemory] Configuration Parameters - Can be set up in boot.config
    "memorysetup-bucket-allocator-granularity=16"
    "memorysetup-bucket-allocator-bucket-count=8"
    "memorysetup-bucket-allocator-block-size=33554432"
    "memorysetup-bucket-allocator-block-count=8"
    "memorysetup-main-allocator-block-size=16777216"
    "memorysetup-thread-allocator-block-size=16777216"
    "memorysetup-gfx-main-allocator-block-size=16777216"
    "memorysetup-gfx-thread-allocator-block-size=16777216"
    "memorysetup-cache-allocator-block-size=4194304"
    "memorysetup-typetree-allocator-block-size=2097152"
    "memorysetup-profiler-bucket-allocator-granularity=16"
    "memorysetup-profiler-bucket-allocator-bucket-count=8"
    "memorysetup-profiler-bucket-allocator-block-size=33554432"
    "memorysetup-profiler-bucket-allocator-block-count=8"
    "memorysetup-profiler-allocator-block-size=16777216"
    "memorysetup-profiler-editor-allocator-block-size=1048576"
    "memorysetup-temp-allocator-size-main=16777216"
    "memorysetup-job-temp-allocator-block-size=2097152"
    "memorysetup-job-temp-allocator-block-size-background=1048576"
    "memorysetup-job-temp-allocator-reduction-small-platforms=262144"
    "memorysetup-allocator-temp-initial-block-size-main=262144"
    "memorysetup-allocator-temp-initial-block-size-worker=262144"
    "memorysetup-temp-allocator-size-background-worker=32768"
    "memorysetup-temp-allocator-size-job-worker=262144"
    "memorysetup-temp-allocator-size-preload-manager=33554432"
    "memorysetup-temp-allocator-size-nav-mesh-worker=65536"
    "memorysetup-temp-allocator-size-audio-worker=65536"
    "memorysetup-temp-allocator-size-cloud-worker=32768"
    "memorysetup-temp-allocator-size-gi-baking-worker=262144"
    "memorysetup-temp-allocator-size-gi-baking-worker=262144"
    "memorysetup-temp-allocator-size-gi-baking-worker=262144"
    "memorysetup-temp-allocator-size-gi-baking-worker=262144"
    "memorysetup-temp-allocator-size-gi-baking-worker=262144"
    "memorysetup-temp-allocator-size-gfx=262144"
Player connection [4956]  Target information:

Player connection [4956]  * "[IP] 192.168.100.173 [Port] 0 [Flags] 2 [Guid] 2767498239 [EditorId] 2767498239 [Version] 1048832 [Id] WindowsEditor(7,DESKTOP-SCG32PL) [Debug] 1 [PackageName] WindowsEditor [ProjectName] Editor" 

Player connection [4956] Host joined multi-casting on [225.0.0.222:54997]...
Player connection [4956] Host joined alternative multi-casting on [225.0.0.222:34997]...
JobSystem: Creating JobQueue using job-worker-count value 1
[Physics::Module] Initialized fallback backend.
[Physics::Module] Id: 0xdecafbad
Library Redirect Path: Library/
[Physics::Module] Selected backend.
[Physics::Module] Name: PhysX
[Physics::Module] Id: 0xf2b8ea05
[Physics::Module] SDK Version: 4.1.2
[Physics::Module] Integration Version: 1.0.0
[Physics::Module] Threading Mode: Multi-Threaded
Refreshing native plugins compatible for Editor in 6.34 ms, found 3 plugins.
Preloading 0 native plugins for Editor in 0.00 ms.
Initialize engine version: 6000.0.27f1 (27c554a2199c)
[Subsystems] Discovering subsystems at path C:/Program Files/Unity/Hub/Editor/6000.0.27f1/Editor/Data/Resources/UnitySubsystems
[Subsystems] Discovering subsystems at path C:/Users/dauri/-PV-Zorros-Ingeniosos/Yo_Ho_Run/Assets
GfxDevice: creating device client; kGfxThreadingModeNonThreaded
Direct3D:
    Version:  Direct3D 11.0 [level 11.0]
    Renderer: NVIDIA GeForce 940MX (ID=0x134d)
    Vendor:   NVIDIA
    VRAM:     2019 MB
    Driver:   21.21.13.7654
Shader Hidden/ProbeVolume/VoxelizeScene is not supported: GPU does not support conservative rasterization
Initialize mono
Mono path[0] = 'C:/Program Files/Unity/Hub/Editor/6000.0.27f1/Editor/Data/Managed'
Mono path[1] = 'C:/Program Files/Unity/Hub/Editor/6000.0.27f1/Editor/Data/MonoBleedingEdge/lib/mono/unityjit-win32'
Mono config path = 'C:/Program Files/Unity/Hub/Editor/6000.0.27f1/Editor/Data/MonoBleedingEdge/etc'
Using monoOptions --debugger-agent=transport=dt_socket,embedding=1,server=y,suspend=n,address=127.0.0.1:56372
Begin MonoManager ReloadAssembly
Registering precompiled unity dll's ...
Register platform support module: C:/Program Files/Unity/Hub/Editor/6000.0.27f1/Editor/Data/PlaybackEngines/WindowsStandaloneSupport/UnityEditor.WindowsStandalone.Extensions.dll
Registered in 0.010581 seconds.
- Loaded All Assemblies, in  1.729 seconds
Native extension for WindowsStandalone target not found
Mono: successfully reloaded assembly
- Finished resetting the current domain, in  1.236 seconds
Domain Reload Profiling: 2951ms
	BeginReloadAssembly (463ms)
		ExecutionOrderSort (0ms)
		DisableScriptedObjects (0ms)
		BackupInstance (0ms)
		ReleaseScriptingObjects (0ms)
		CreateAndSetChildDomain (1ms)
	RebuildCommonClasses (200ms)
	RebuildNativeTypeToScriptingClass (61ms)
	initialDomainReloadingComplete (185ms)
	LoadAllAssembliesAndSetupDomain (804ms)
		LoadAssemblies (464ms)
		RebuildTransferFunctionScriptingTraits (0ms)
		AnalyzeDomain (781ms)
			TypeCache.Refresh (772ms)
				TypeCache.ScanAssembly (663ms)
			BuildScriptInfoCaches (1ms)
			ResolveRequiredComponents (4ms)
	FinalizeReload (1238ms)
		ReleaseScriptCaches (0ms)
		RebuildScriptCaches (0ms)
		SetupLoadedEditorAssemblies (1005ms)
			LogAssemblyErrors (0ms)
			InitializePlatformSupportModulesInManaged (86ms)
			SetLoadedEditorAssemblies (14ms)
			BeforeProcessingInitializeOnLoad (18ms)
			ProcessInitializeOnLoadAttributes (518ms)
			ProcessInitializeOnLoadMethodAttributes (359ms)
			AfterProcessingInitializeOnLoad (9ms)
			EditorAssembliesLoaded (0ms)
		ExecutionOrderSort2 (0ms)
		AwakeInstancesAfterBackupRestoration (0ms)
========================================================================
Worker process is ready to serve import requests
Import Worker Mode flag is 0x00
Begin MonoManager ReloadAssembly
Assembly 'Library/ScriptAssemblies/Unity.CollabProxy.Editor.dll' will not be loaded due to errors:
Unable to resolve reference 'unityplastic'. Is the assembly missing or incompatible with the current platform?
Reference validation can be disabled in the Plugin Inspector.
Assembly 'Library/ScriptAssemblies/Unity.PlasticSCM.Editor.dll' will not be loaded due to errors:
Unable to resolve reference 'Unity.Plastic.Newtonsoft.Json'. Is the assembly missing or incompatible with the current platform?
Reference validation can be disabled in the Plugin Inspector.
Unable to resolve reference 'unityplastic'. Is the assembly missing or incompatible with the current platform?
Reference validation can be disabled in the Plugin Inspector.
- Loaded All Assemblies, in 39.079 seconds
Assertion failed on expression: 'IsFileCreated(assemblyPath)'
Assertion failed on expression: 'IsFileCreated(assemblyPath)'
Compilation Pipeline: Could not read file Packages/com.unity.collab-proxy/Editor/PlasticSCM/Toolbar/Unity.CollabProxy.Editor.asmdef
Fatal Error! Compilation Pipeline: Could not read file Packages/com.unity.collab-proxy/Editor/PlasticSCM/Toolbar/Unity.CollabProxy.Editor.asmdef
Crash!!!
SymInit: Symbol-SearchPath: 'C:/Program Files/Unity/Hub/Editor/6000.0.27f1/Editor/Data/Mono;.;C:\Users\dauri\-PV-Zorros-Ingeniosos\Yo_Ho_Run;C:\Users\dauri\-PV-Zorros-Ingeniosos\Yo_Ho_Run\Library\BurstCache\JIT;C:\Program Files\Unity\Hub\Editor\6000.0.27f1\Editor;C:\Windows;C:\Windows\system32;', symOptions: 534, UserName: 'dauri'
OS-Version: 10.0.0
C:\Program Files\Unity\Hub\Editor\6000.0.27f1\Editor\Unity.exe:Unity.exe (00007FF7BF9D0000), size: 299008 (result: 0), SymType: '-deferred-', PDB: '', fileVersion: 6000.0.27.50516
C:\Windows\SYSTEM32\ntdll.dll:ntdll.dll (00007FFF50700000), size: 2134016 (result: 0), SymType: '-deferred-', PDB: '', fileVersion: 10.0.22000.2538
C:\Windows\System32\KERNEL32.DLL:KERNEL32.DLL (00007FFF4EC50000), size: 774144 (result: 0), SymType: '-deferred-', PDB: '', fileVersion: 10.0.22000.2538
C:\Windows\System32\KERNELBASE.dll:KERNELBASE.dll (00007FFF4E1C0000), size: 3686400 (result: 0), SymType: '-deferred-', PDB: '', fileVersion: 10.0.22000.2538
C:\Windows\System32\USER32.dll:USER32.dll (00007FFF4EAA0000), size: 1757184 (result: 0), SymType: '-deferred-', PDB: '', fileVersion: 10.0.22000.2360
C:\Windows\System32\win32u.dll:win32u.dll (00007FFF4E0F0000), size: 155648 (result: 0), SymType: '-deferred-', PDB: '', fileVersion: 10.0.22000.2538
C:\Windows\System32\GDI32.dll:GDI32.dll (00007FFF4FEF0000), size: 172032 (result: 0), SymType: '-deferred-', PDB: '', fileVersion: 10.0.22000.2360
C:\Windows\System32\gdi32full.dll:gdi32full.dll (00007FFF4DF10000), size: 1171456 (result: 0), SymType: '-deferred-', PDB: '', fileVersion: 10.0.22000.2360
C:\Windows\System32\msvcp_win.dll:msvcp_win.dll (00007FFF4E120000), size: 643072 (result: 0), SymType: '-deferred-', PDB: '', fileVersion: 10.0.22000.1
C:\Windows\System32\ucrtbase.dll:ucrtbase.dll (00007FFF4DB90000), size: 1118208 (result: 0), SymType: '-deferred-', PDB: '', fileVersion: 10.0.22000.1
C:\Windows\System32\IMM32.DLL:IMM32.DLL (00007FFF4FFB0000), size: 200704 (result: 0), SymType: '-deferred-', PDB: '', fileVersion: 10.0.22000.1641
C:\Program Files\Unity\Hub\Editor\6000.0.27f1\Editor\Unity.dll:Unity.dll (00007FFE813D0000), size: 87052288 (result: 0), SymType: '-deferred-', PDB: '', fileVersion: 6000.0.27.50516
C:\Windows\System32\CRYPT32.dll:CRYPT32.dll (00007FFF4DD20000), size: 1449984 (result: 0), SymType: '-deferred-', PDB: '', fileVersion: 10.0.22000.2482
C:\Windows\System32\ADVAPI32.dll:ADVAPI32.dll (00007FFF4FD60000), size: 712704 (result: 0), SymType: '-deferred-', PDB: '', fileVersion: 10.0.22000.2360
C:\Windows\System32\msvcrt.dll:msvcrt.dll (00007FFF4FCB0000), size: 667648 (result: 0), SymType: '-deferred-', PDB: '', fileVersion: 7.0.22000.1
C:\Windows\System32\sechost.dll:sechost.dll (00007FFF4EE00000), size: 647168 (result: 0), SymType: '-deferred-', PDB: '', fileVersion: 10.0.22000.2360
C:\Windows\System32\RPCRT4.dll:RPCRT4.dll (00007FFF4E720000), size: 1183744 (result: 0), SymType: '-deferred-', PDB: '', fileVersion: 10.0.22000.2538
C:\Windows\System32\ole32.dll:ole32.dll (00007FFF50520000), size: 1679360 (result: 0), SymType: '-deferred-', PDB: '', fileVersion: 10.0.22000.2538
C:\Windows\System32\combase.dll:combase.dll (00007FFF4FFF0000), size: 3629056 (result: 0), SymType: '-deferred-', PDB: '', fileVersion: 10.0.22000.2360
C:\Windows\System32\SETUPAPI.dll:SETUPAPI.dll (00007FFF4EEB0000), size: 4661248 (result: 0), SymType: '-deferred-', PDB: '', fileVersion: 10.0.22000.2124
C:\Windows\System32\SHELL32.dll:SHELL32.dll (00007FFF4F340000), size: 8146944 (result: 0), SymType: '-deferred-', PDB: '', fileVersion: 10.0.22000.2482
C:\Windows\System32\SHLWAPI.dll:SHLWAPI.dll (00007FFF4E880000), size: 380928 (result: 0), SymType: '-deferred-', PDB: '', fileVersion: 10.0.22000.1
C:\Windows\System32\WS2_32.dll:WS2_32.dll (00007FFF50420000), size: 454656 (result: 0), SymType: '-deferred-', PDB: '', fileVersion: 10.0.22000.1
C:\Windows\System32\OLEAUT32.dll:OLEAUT32.dll (00007FFF4FE10000), size: 876544 (result: 0), SymType: '-deferred-', PDB: '', fileVersion: 10.0.22000.2176
C:\Windows\System32\WINTRUST.dll:WINTRUST.dll (00007FFF4DCB0000), size: 421888 (result: 0), SymType: '-deferred-', PDB: '', fileVersion: 10.0.22000.2482
C:\Program Files\Unity\Hub\Editor\6000.0.27f1\Editor\libfbxsdk.dll:libfbxsdk.dll (00007FFF0AC40000), size: 8019968 (result: 0), SymType: '-deferred-', PDB: '', fileVersion: 2020.3.7.0
C:\Program Files\Unity\Hub\Editor\6000.0.27f1\Editor\s3tcompress.dll:s3tcompress.dll (00007FFF47E50000), size: 180224 (result: 0), SymType: '-deferred-', PDB: ''
C:\Program Files\Unity\Hub\Editor\6000.0.27f1\Editor\etccompress.dll:etccompress.dll (00007FFF09EC0000), size: 5070848 (result: 0), SymType: '-deferred-', PDB: ''
C:\Program Files\Unity\Hub\Editor\6000.0.27f1\Editor\ispc_texcomp.dll:ispc_texcomp.dll (00007FFF2AB70000), size: 1826816 (result: 0), SymType: '-deferred-', PDB: ''
C:\Program Files\Unity\Hub\Editor\6000.0.27f1\Editor\compress_bc7e.dll:compress_bc7e.dll (00007FFF19F00000), size: 1433600 (result: 0), SymType: '-deferred-', PDB: ''
C:\Program Files\Unity\Hub\Editor\6000.0.27f1\Editor\FreeImage.dll:FreeImage.dll (0000000180000000), size: 5783552 (result: 0), SymType: '-deferred-', PDB: '', fileVersion: 3.18.0.0
C:\Program Files\Unity\Hub\Editor\6000.0.27f1\Editor\WinPixEventRuntime.dll:WinPixEventRuntime.dll (00007FFF49E20000), size: 53248 (result: 0), SymType: '-deferred-', PDB: '', fileVersion: 1.0.2201.24001
C:\Program Files\Unity\Hub\Editor\6000.0.27f1\Editor\umbraoptimizer64.dll:umbraoptimizer64.dll (00007FFF1A060000), size: 1187840 (result: 0), SymType: '-deferred-', PDB: ''
C:\Windows\SYSTEM32\bcrypt.dll:bcrypt.dll (00007FFF4D560000), size: 159744 (result: 0), SymType: '-deferred-', PDB: '', fileVersion: 10.0.22000.2176
C:\Windows\SYSTEM32\d3d11.dll:d3d11.dll (00007FFF44F60000), size: 2621440 (result: 0), SymType: '-deferred-', PDB: '', fileVersion: 10.0.22000.2245
C:\Windows\SYSTEM32\d3d12.dll:d3d12.dll (00007FFF445A0000), size: 163840 (result: 0), SymType: '-deferred-', PDB: '', fileVersion: 10.0.22000.2360
C:\Windows\SYSTEM32\dwmapi.dll:dwmapi.dll (00007FFF4B5A0000), size: 192512 (result: 0), SymType: '-deferred-', PDB: '', fileVersion: 10.0.22000.41
C:\Windows\SYSTEM32\dxgi.dll:dxgi.dll (00007FFF4B380000), size: 995328 (result: 0), SymType: '-deferred-', PDB: '', fileVersion: 10.0.22000.2245
C:\Windows\SYSTEM32\HID.DLL:HID.DLL (00007FFF4C490000), size: 57344 (result: 0), SymType: '-deferred-', PDB: '', fileVersion: 10.0.22000.1
C:\Windows\SYSTEM32\IPHLPAPI.DLL:IPHLPAPI.DLL (00007FFF4C6D0000), size: 184320 (result: 0), SymType: '-deferred-', PDB: '', fileVersion: 10.0.22000.282
C:\Windows\SYSTEM32\OPENGL32.dll:OPENGL32.dll (00007FFF34D30000), size: 1052672 (result: 0), SymType: '-deferred-', PDB: '', fileVersion: 10.0.22000.1042
C:\Windows\SYSTEM32\WINHTTP.dll:WINHTTP.dll (00007FFF47B00000), size: 1130496 (result: 0), SymType: '-deferred-', PDB: '', fileVersion: 10.0.22000.2245
C:\Windows\SYSTEM32\WINMM.dll:WINMM.dll (00007FFF47AA0000), size: 208896 (result: 0), SymType: '-deferred-', PDB: '', fileVersion: 10.0.22000.1
C:\Windows\SYSTEM32\GLU32.dll:GLU32.dll (00007FFF42680000), size: 184320 (result: 0), SymType: '-deferred-', PDB: '', fileVersion: 10.0.22000.1042
C:\Program Files\Unity\Hub\Editor\6000.0.27f1\Editor\SketchUpAPI.dll:SketchUpAPI.dll (00007FFF0A3A0000), size: 8990720 (result: 0), SymType: '-deferred-', PDB: '', fileVersion: 23.0.0.0
C:\Program Files\Unity\Hub\Editor\6000.0.27f1\Editor\NativeProxyHelper.dll:NativeProxyHelper.dll (00007FFF19D40000), size: 1789952 (result: 0), SymType: '-deferred-', PDB: ''
C:\Windows\SYSTEM32\VERSION.dll:VERSION.dll (00007FFF48900000), size: 40960 (result: 0), SymType: '-deferred-', PDB: '', fileVersion: 10.0.22000.1
C:\Windows\SYSTEM32\WSOCK32.dll:WSOCK32.dll (00007FFF4A320000), size: 36864 (result: 0), SymType: '-deferred-', PDB: '', fileVersion: 10.0.22000.1
C:\Windows\SYSTEM32\MSVCP140.dll:MSVCP140.dll (00007FFF3A4F0000), size: 577536 (result: 0), SymType: '-deferred-', PDB: '', fileVersion: 14.40.33810.0
C:\Windows\SYSTEM32\VCRUNTIME140.dll:VCRUNTIME140.dll (00007FFF3A4D0000), size: 122880 (result: 0), SymType: '-deferred-', PDB: '', fileVersion: 14.40.33810.0
C:\Windows\SYSTEM32\VCRUNTIME140_1.dll:VCRUNTIME140_1.dll (00007FFF3B2F0000), size: 49152 (result: 0), SymType: '-deferred-', PDB: '', fileVersion: 14.40.33810.0
C:\Program Files\Unity\Hub\Editor\6000.0.27f1\Editor\SketchUpCommonPreferences.dll:SketchUpCommonPreferences.dll (00007FFF44410000), size: 499712 (result: 0), SymType: '-deferred-', PDB: '', fileVersion: 23.0.0.0
C:\Windows\SYSTEM32\Secur32.dll:Secur32.dll (00007FFF3F280000), size: 49152 (result: 0), SymType: '-deferred-', PDB: '', fileVersion: 10.0.22000.675
C:\Windows\SYSTEM32\dxcore.dll:dxcore.dll (00007FFF4B340000), size: 229376 (result: 0), SymType: '-deferred-', PDB: '', fileVersion: 10.0.22000.653
C:\Windows\SYSTEM32\SSPICLI.DLL:SSPICLI.DLL (00007FFF4CF40000), size: 270336 (result: 0), SymType: '-deferred-', PDB: '', fileVersion: 10.0.22000.2245
C:\Program Files\Unity\Hub\Editor\6000.0.27f1\Editor\OpenRL.dll:OpenRL.dll (0000021ED9E70000), size: 12779520 (result: 0), SymType: '-deferred-', PDB: '', fileVersion: 1.5.0.2907
C:\Windows\SYSTEM32\MSVCP100.dll:MSVCP100.dll (0000000058FA0000), size: 622592 (result: 0), SymType: '-deferred-', PDB: '', fileVersion: 10.0.40219.1
C:\Windows\SYSTEM32\MSVCR100.dll:MSVCR100.dll (0000000059040000), size: 860160 (result: 0), SymType: '-deferred-', PDB: '', fileVersion: 10.0.40219.1
C:\Program Files\Unity\Hub\Editor\6000.0.27f1\Editor\embree.dll:embree.dll (00007FFF08ED0000), size: 16711680 (result: 0), SymType: '-deferred-', PDB: '', fileVersion: 2.14.0.0
C:\Windows\SYSTEM32\cfgmgr32.DLL:cfgmgr32.DLL (00007FFF4D890000), size: 311296 (result: 0), SymType: '-deferred-', PDB: '', fileVersion: 10.0.22000.2124
C:\Program Files\Unity\Hub\Editor\6000.0.27f1\Editor\tbb.dll:tbb.dll (00007FFF443C0000), size: 303104 (result: 0), SymType: '-deferred-', PDB: '', fileVersion: 2020.3.2022.1111
C:\Windows\SYSTEM32\MSWSOCK.DLL:MSWSOCK.DLL (00007FFF4D150000), size: 421888 (result: 0), SymType: '-deferred-', PDB: '', fileVersion: 10.0.22000.1
C:\Program Files\Unity\Hub\Editor\6000.0.27f1\Editor\OpenRL_pthread.dll:OpenRL_pthread.dll (0000021EDAAC0000), size: 61440 (result: 0), SymType: '-deferred-', PDB: '', fileVersion: 2.9.0.0
C:\Windows\SYSTEM32\MSASN1.dll:MSASN1.dll (00007FFF4D470000), size: 73728 (result: 0), SymType: '-deferred-', PDB: '', fileVersion: 10.0.22000.1219
C:\Windows\System32\bcryptprimitives.dll:bcryptprimitives.dll (00007FFF4DE90000), size: 520192 (result: 0), SymType: '-deferred-', PDB: '', fileVersion: 10.0.22000.1455
C:\Windows\SYSTEM32\kernel.appcore.dll:kernel.appcore.dll (00007FFF4CCB0000), size: 98304 (result: 0), SymType: '-deferred-', PDB: '', fileVersion: 10.0.22000.71
C:\Windows\system32\uxtheme.dll:uxtheme.dll (00007FFF4B240000), size: 704512 (result: 0), SymType: '-deferred-', PDB: '', fileVersion: 10.0.22000.2416
C:\Windows\SYSTEM32\windows.storage.dll:windows.storage.dll (00007FFF4BC20000), size: 8790016 (result: 0), SymType: '-deferred-', PDB: '', fileVersion: 10.0.22000.2245
C:\Windows\SYSTEM32\wintypes.dll:wintypes.dll (00007FFF4BAB0000), size: 1470464 (result: 0), SymType: '-deferred-', PDB: '', fileVersion: 10.0.22000.2360
C:\Windows\System32\SHCORE.dll:SHCORE.dll (00007FFF4E550000), size: 958464 (result: 0), SymType: '-deferred-', PDB: '', fileVersion: 10.0.22000.613
C:\Windows\SYSTEM32\profapi.dll:profapi.dll (00007FFF4DAC0000), size: 151552 (result: 0), SymType: '-deferred-', PDB: '', fileVersion: 10.0.22000.2124
C:\Windows\system32\IconCodecService.dll:IconCodecService.dll (00007FFF3BAA0000), size: 36864 (result: 0), SymType: '-deferred-', PDB: '', fileVersion: 10.0.22000.1
C:\Windows\SYSTEM32\WindowsCodecs.dll:WindowsCodecs.dll (00007FFF42A70000), size: 1761280 (result: 0), SymType: '-deferred-', PDB: '', fileVersion: 10.0.22000.1042
C:\Windows\System32\clbcatq.dll:clbcatq.dll (00007FFF50370000), size: 716800 (result: 0), SymType: '-deferred-', PDB: '', fileVersion: 2001.12.10941.16384
C:\Windows\System32\netprofm.dll:netprofm.dll (00007FFF49FC0000), size: 466944 (result: 0), SymType: '-deferred-', PDB: '', fileVersion: 10.0.22000.1880
C:\Windows\System32\NSI.dll:NSI.dll (00007FFF4F330000), size: 36864 (result: 0), SymType: '-deferred-', PDB: '', fileVersion: 10.0.22000.1
C:\Windows\SYSTEM32\dhcpcsvc6.DLL:dhcpcsvc6.DLL (00007FFF47840000), size: 102400 (result: 0), SymType: '-deferred-', PDB: '', fileVersion: 10.0.22000.1641
C:\Windows\SYSTEM32\dhcpcsvc.DLL:dhcpcsvc.DLL (00007FFF48D20000), size: 122880 (result: 0), SymType: '-deferred-', PDB: '', fileVersion: 10.0.22000.1641
C:\Windows\SYSTEM32\DNSAPI.dll:DNSAPI.dll (00007FFF4C700000), size: 946176 (result: 0), SymType: '-deferred-', PDB: '', fileVersion: 10.0.22000.2003
C:\Windows\system32\napinsp.dll:napinsp.dll (00007FFF31DB0000), size: 94208 (result: 0), SymType: '-deferred-', PDB: '', fileVersion: 10.0.22000.1
C:\Windows\system32\pnrpnsp.dll:pnrpnsp.dll (00007FFF31D40000), size: 110592 (result: 0), SymType: '-deferred-', PDB: '', fileVersion: 10.0.22000.1
C:\Windows\System32\winrnr.dll:winrnr.dll (00007FFF31D20000), size: 73728 (result: 0), SymType: '-deferred-', PDB: '', fileVersion: 10.0.22000.1
C:\Windows\system32\wshbth.dll:wshbth.dll (00007FFF45530000), size: 86016 (result: 0), SymType: '-deferred-', PDB: '', fileVersion: 10.0.22000.653
C:\Windows\system32\nlansp_c.dll:nlansp_c.dll (00007FFF31D90000), size: 126976 (result: 0), SymType: '-deferred-', PDB: '', fileVersion: 10.0.22000.653
C:\Windows\System32\fwpuclnt.dll:fwpuclnt.dll (00007FFF45580000), size: 528384 (result: 0), SymType: '-deferred-', PDB: '', fileVersion: 10.0.22000.2538
C:\Windows\System32\rasadhlp.dll:rasadhlp.dll (00007FFF45570000), size: 40960 (result: 0), SymType: '-deferred-', PDB: '', fileVersion: 10.0.22000.1
C:\Program Files\Unity\Hub\Editor\6000.0.27f1\Editor\AMDUnityPlugin.DLL:AMDUnityPlugin.DLL (00007FFF08660000), size: 8814592 (result: 0), SymType: '-deferred-', PDB: ''
C:\Program Files\Unity\Hub\Editor\6000.0.27f1\Editor\NVUnityPlugin.DLL:NVUnityPlugin.DLL (00007FFF15260000), size: 1609728 (result: 0), SymType: '-deferred-', PDB: ''
C:\Windows\System32\npmproxy.dll:npmproxy.dll (00007FFF3F5C0000), size: 73728 (result: 0), SymType: '-deferred-', PDB: '', fileVersion: 10.0.22000.1880
C:\Program Files\Unity\Hub\Editor\6000.0.27f1\Editor\Data\Tools\astcenc-avx2.dll:astcenc-avx2.dll (00007FFF2AB10000), size: 364544 (result: 0), SymType: '-deferred-', PDB: ''
C:\Windows\System32\MMDevApi.dll:MMDevApi.dll (00007FFF469A0000), size: 634880 (result: 0), SymType: '-deferred-', PDB: '', fileVersion: 10.0.22000.1042
C:\Windows\System32\DEVOBJ.dll:DEVOBJ.dll (00007FFF4D850000), size: 208896 (result: 0), SymType: '-deferred-', PDB: '', fileVersion: 10.0.22000.2124
C:\Windows\SYSTEM32\directxdatabasehelper.dll:directxdatabasehelper.dll (00007FFF46720000), size: 278528 (result: 0), SymType: '-deferred-', PDB: '', fileVersion: 10.0.22000.653
C:\Windows\SYSTEM32\ntmarta.dll:ntmarta.dll (00007FFF4CCD0000), size: 212992 (result: 0), SymType: '-deferred-', PDB: '', fileVersion: 10.0.22000.1
C:\Windows\System32\DriverStore\FileRepository\nvacwu.inf_amd64_31f4ef4821269ebb\nvwgf2umx.dll:nvwgf2umx.dll (00007FFEA9F70000), size: 24322048 (result: 0), SymType: '-deferred-', PDB: '', fileVersion: 21.21.13.7654
C:\Windows\system32\wbem\wbemprox.dll:wbemprox.dll (00007FFF386F0000), size: 65536 (result: 0), SymType: '-deferred-', PDB: '', fileVersion: 10.0.22000.2245
C:\Windows\SYSTEM32\wbemcomn.dll:wbemcomn.dll (00007FFF3A440000), size: 532480 (result: 0), SymType: '-deferred-', PDB: '', fileVersion: 10.0.22000.1
C:\Windows\system32\wbem\wbemsvc.dll:wbemsvc.dll (00007FFF38710000), size: 81920 (result: 0), SymType: '-deferred-', PDB: '', fileVersion: 10.0.22000.2245
C:\Windows\system32\wbem\fastprox.dll:fastprox.dll (00007FFF36E30000), size: 1024000 (result: 0), SymType: '-deferred-', PDB: '', fileVersion: 10.0.22000.1
C:\Windows\SYSTEM32\amsi.dll:amsi.dll (00007FFF2B6C0000), size: 143360 (result: 0), SymType: '-deferred-', PDB: '', fileVersion: 10.0.22000.1042
C:\Windows\SYSTEM32\USERENV.dll:USERENV.dll (00007FFF4D1F0000), size: 180224 (result: 0), SymType: '-deferred-', PDB: '', fileVersion: 10.0.22000.2124
C:\ProgramData\Microsoft\Windows Defender\Platform\4.18.25020.1009-0\MpOav.dll:MpOav.dll (00007FFF2B5B0000), size: 524288 (result: 0), SymType: '-deferred-', PDB: '', fileVersion: 4.18.25020.1009
C:\Windows\SYSTEM32\opencl.dll:opencl.dll (00007FFF4A380000), size: 114688 (result: 0), SymType: '-deferred-', PDB: '', fileVersion: 3.0.1.0
C:\Program Files\Unity\Hub\Editor\6000.0.27f1\Editor\radeonrays.dll:radeonrays.dll (00007FFF444F0000), size: 344064 (result: 0), SymType: '-deferred-', PDB: ''
C:\Program Files\Unity\Hub\Editor\6000.0.27f1\Editor\Data\MonoBleedingEdge\EmbedRuntime\mono-2.0-bdwgc.dll:mono-2.0-bdwgc.dll (00007FFF00EA0000), size: 10756096 (result: 0), SymType: '-deferred-', PDB: ''
C:\Windows\SYSTEM32\dbghelp.dll:dbghelp.dll (00007FFF3A710000), size: 2232320 (result: 0), SymType: '-deferred-', PDB: '', fileVersion: 10.0.22000.1

========== OUTPUTTING STACK TRACE ==================

0x00007FFF4E212BDC (KERNELBASE) RaiseException
0x00007FFE82F6A545 (Unity) EditorMonoConsole::LogToConsoleImplementation
0x00007FFE82F6B20A (Unity) EditorMonoConsole::LogToConsoleImplementation
0x00007FFE83C1A69D (Unity) DebugStringToFilePostprocessedStacktrace
0x00007FFE83C19A38 (Unity) DebugStringToFile
0x00007FFE8351FD2C (Unity) RegisterAssemblyDefinition
0x00007FFE8394D266 (Unity) ProcessAssemblyAssets
0x00007FFE8394DF76 (Unity) UpdateScriptCompilationPipelineCaches
0x00007FFE83864F34 (Unity) AssetImportWorkerClient::RegisterTransientArtifacts
0x00007FFE8386513A (Unity) AssetImportWorkerClient::ReloadScriptingDomain
0x00007FFE8383FF57 (Unity) <lambda_f96845ab1106210ce31769f863340c0d>::operator()
0x00007FFE8392258E (Unity) asio::detail::completion_handler<core::mutable_function<void __cdecl(void)>,asio::io_context::basic_executor_type<std::allocator<void>,0> >::do_complete
0x00007FFE8390FE1A (Unity) asio::detail::win_iocp_io_context::do_one
0x00007FFE8391114E (Unity) asio::detail::win_iocp_io_context::run
0x00007FFE83920BAC (Unity) IOService::Run
0x00007FFE838691B6 (Unity) RunAssetImportWorkerClientV2
0x00007FFE8386927B (Unity) RunAssetImporterV2
0x00007FFE83075918 (Unity) Application::InitializeProject
0x00007FFE8367B203 (Unity) UnityMain
0x00007FF7BF9D2FBA (Unity) __scrt_common_main_seh
0x00007FFF4EC653E0 (KERNEL32) BaseThreadInitThunk
0x00007FFF5070485B (ntdll) RtlUserThreadStart

========== END OF STACKTRACE ===========

A crash has been intercepted by the crash handler. For call stack and other details, see the latest crash report generated in:
 * C:/Users/dauri/AppData/Local/Temp/Unity/Editor/Crashes
